# JRE version: OpenJDK Runtime Environment (7.0_55-b14) (build 1.7.0_55-b14)
# Java VM: OpenJDK 64-Bit Server VM (24.51-b03 mixed mode linux-amd64 compressed oops)
Heap
 PSYoungGen      total 135680K, used 52459K [0x00000000ebf00000, 0x00000000f5800000, 0x0000000100000000)
  eden space 128000K, 40% used [0x00000000ebf00000,0x00000000ef212cf0,0x00000000f3c00000)
  from space 7680K, 2% used [0x00000000f4900000,0x00000000f4928000,0x00000000f5080000)
  to   space 7680K, 0% used [0x00000000f5080000,0x00000000f5080000,0x00000000f5800000)
 ParOldGen       total 46080K, used 10872K [0x00000000c3e00000, 0x00000000c6b00000, 0x00000000ebf00000)
  object space 46080K, 23% used [0x00000000c3e00000,0x00000000c489e250,0x00000000c6b00000)
 PSPermGen       total 28160K, used 14822K [0x00000000b9800000, 0x00000000bb380000, 0x00000000c3e00000)
  object space 28160K, 52% used [0x00000000b9800000,0x00000000ba679850,0x00000000bb380000)
GC Heap History (10 events):
Event: 38,242 GC heap before
{Heap before GC invocations=18 (full 1):
 PSYoungGen      total 162816K, used 158912K [0x00000000ebf00000, 0x00000000f6b00000, 0x0000000100000000)
  eden space 158720K, 100% used [0x00000000ebf00000,0x00000000f5a00000,0x00000000f5a00000)
  from space 4096K, 4% used [0x00000000f6700000,0x00000000f6730000,0x00000000f6b00000)
  to   space 8704K, 0% used [0x00000000f5a00000,0x00000000f5a00000,0x00000000f6280000)
 ParOldGen       total 46080K, used 10840K [0x00000000c3e00000, 0x00000000c6b00000, 0x00000000ebf00000)
  object space 46080K, 23% used [0x00000000c3e00000,0x00000000c4896250,0x00000000c6b00000)
 PSPermGen       total 28160K, used 14768K [0x00000000b9800000, 0x00000000bb380000, 0x00000000c3e00000)
  object space 28160K, 52% used [0x00000000b9800000,0x00000000ba66c128,0x00000000bb380000)
Event: 38,244 GC heap after
Heap after GC invocations=18 (full 1):
 PSYoungGen      total 152576K, used 128K [0x00000000ebf00000, 0x00000000f6780000, 0x0000000100000000)
  eden space 152064K, 0% used [0x00000000ebf00000,0x00000000ebf00000,0x00000000f5380000)
  from space 512K, 25% used [0x00000000f5a00000,0x00000000f5a20000,0x00000000f5a80000)
  to   space 8704K, 0% used [0x00000000f5f00000,0x00000000f5f00000,0x00000000f6780000)
 ParOldGen       total 46080K, used 10864K [0x00000000c3e00000, 0x00000000c6b00000, 0x00000000ebf00000)
  object space 46080K, 23% used [0x00000000c3e00000,0x00000000c489c250,0x00000000c6b00000)
 PSPermGen       total 28160K, used 14768K [0x00000000b9800000, 0x00000000bb380000, 0x00000000c3e00000)
  object space 28160K, 52% used [0x00000000b9800000,0x00000000ba66c128,0x00000000bb380000)
}
Event: 42,016 GC heap before
{Heap before GC invocations=19 (full 1):
 PSYoungGen      total 152576K, used 152192K [0x00000000ebf00000, 0x00000000f6780000, 0x0000000100000000)
  eden space 152064K, 100% used [0x00000000ebf00000,0x00000000f5380000,0x00000000f5380000)
  from space 512K, 25% used [0x00000000f5a00000,0x00000000f5a20000,0x00000000f5a80000)
  to   space 8704K, 0% used [0x00000000f5f00000,0x00000000f5f00000,0x00000000f6780000)
 ParOldGen       total 46080K, used 10864K [0x00000000c3e00000, 0x00000000c6b00000, 0x00000000ebf00000)
  object space 46080K, 23% used [0x00000000c3e00000,0x00000000c489c250,0x00000000c6b00000)
 PSPermGen       total 28160K, used 14775K [0x00000000b9800000, 0x00000000bb380000, 0x00000000c3e00000)
  object space 28160K, 52% used [0x00000000b9800000,0x00000000ba66de48,0x00000000bb380000)
Event: 42,021 GC heap after
Heap after GC invocations=19 (full 1):
 PSYoungGen      total 145920K, used 128K [0x00000000ebf00000, 0x00000000f5f80000, 0x0000000100000000)
  eden space 145408K, 0% used [0x00000000ebf00000,0x00000000ebf00000,0x00000000f4d00000)
  from space 512K, 25% used [0x00000000f5f00000,0x00000000f5f20000,0x00000000f5f80000)
  to   space 8192K, 0% used [0x00000000f4f80000,0x00000000f4f80000,0x00000000f5780000)
 ParOldGen       total 46080K, used 10864K [0x00000000c3e00000, 0x00000000c6b00000, 0x00000000ebf00000)
  object space 46080K, 23% used [0x00000000c3e00000,0x00000000c489c250,0x00000000c6b00000)
 PSPermGen       total 28160K, used 14775K [0x00000000b9800000, 0x00000000bb380000, 0x00000000c3e00000)
  object space 28160K, 52% used [0x00000000b9800000,0x00000000ba66de48,0x00000000bb380000)
}
Event: 45,522 GC heap before
{Heap before GC invocations=20 (full 1):
 PSYoungGen      total 145920K, used 145536K [0x00000000ebf00000, 0x00000000f5f80000, 0x0000000100000000)
  eden space 145408K, 100% used [0x00000000ebf00000,0x00000000f4d00000,0x00000000f4d00000)
  from space 512K, 25% used [0x00000000f5f00000,0x00000000f5f20000,0x00000000f5f80000)
  to   space 8192K, 0% used [0x00000000f4f80000,0x00000000f4f80000,0x00000000f5780000)
 ParOldGen       total 46080K, used 10864K [0x00000000c3e00000, 0x00000000c6b00000, 0x00000000ebf00000)
  object space 46080K, 23% used [0x00000000c3e00000,0x00000000c489c250,0x00000000c6b00000)
 PSPermGen       total 28160K, used 14787K [0x00000000b9800000, 0x00000000bb380000, 0x00000000c3e00000)
  object space 28160K, 52% used [0x00000000b9800000,0x00000000ba670e18,0x00000000bb380000)
Event: 45,526 GC heap after
Heap after GC invocations=20 (full 1):
 PSYoungGen      total 147456K, used 160K [0x00000000ebf00000, 0x00000000f5f80000, 0x0000000100000000)
  eden space 139264K, 0% used [0x00000000ebf00000,0x00000000ebf00000,0x00000000f4700000)
  from space 8192K, 1% used [0x00000000f4f80000,0x00000000f4fa8000,0x00000000f5780000)
  to   space 8192K, 0% used [0x00000000f5780000,0x00000000f5780000,0x00000000f5f80000)
 ParOldGen       total 46080K, used 10864K [0x00000000c3e00000, 0x00000000c6b00000, 0x00000000ebf00000)
  object space 46080K, 23% used [0x00000000c3e00000,0x00000000c489c250,0x00000000c6b00000)
 PSPermGen       total 28160K, used 14787K [0x00000000b9800000, 0x00000000bb380000, 0x00000000c3e00000)
  object space 28160K, 52% used [0x00000000b9800000,0x00000000ba670e18,0x00000000bb380000)
}
Event: 48,951 GC heap before
{Heap before GC invocations=21 (full 1):
 PSYoungGen      total 147456K, used 139424K [0x00000000ebf00000, 0x00000000f5f80000, 0x0000000100000000)
  eden space 139264K, 100% used [0x00000000ebf00000,0x00000000f4700000,0x00000000f4700000)
  from space 8192K, 1% used [0x00000000f4f80000,0x00000000f4fa8000,0x00000000f5780000)
  to   space 8192K, 0% used [0x00000000f5780000,0x00000000f5780000,0x00000000f5f80000)
 ParOldGen       total 46080K, used 10864K [0x00000000c3e00000, 0x00000000c6b00000, 0x00000000ebf00000)
  object space 46080K, 23% used [0x00000000c3e00000,0x00000000c489c250,0x00000000c6b00000)
 PSPermGen       total 28160K, used 14794K [0x00000000b9800000, 0x00000000bb380000, 0x00000000c3e00000)
  object space 28160K, 52% used [0x00000000b9800000,0x00000000ba6728d8,0x00000000bb380000)
Event: 48,954 GC heap after
Heap after GC invocations=21 (full 1):
 PSYoungGen      total 134144K, used 96K [0x00000000ebf00000, 0x00000000f5800000, 0x0000000100000000)
  eden space 133632K, 0% used [0x00000000ebf00000,0x00000000ebf00000,0x00000000f4180000)
  from space 512K, 18% used [0x00000000f5780000,0x00000000f5798000,0x00000000f5800000)
  to   space 7680K, 0% used [0x00000000f4900000,0x00000000f4900000,0x00000000f5080000)
 ParOldGen       total 46080K, used 10864K [0x00000000c3e00000, 0x00000000c6b00000, 0x00000000ebf00000)
  object space 46080K, 23% used [0x00000000c3e00000,0x00000000c489c250,0x00000000c6b00000)
 PSPermGen       total 28160K, used 14794K [0x00000000b9800000, 0x00000000bb380000, 0x00000000c3e00000)
  object space 28160K, 52% used [0x00000000b9800000,0x00000000ba6728d8,0x00000000bb380000)
}
Event: 52,078 GC heap before
{Heap before GC invocations=22 (full 1):
 PSYoungGen      total 134144K, used 133728K [0x00000000ebf00000, 0x00000000f5800000, 0x0000000100000000)
  eden space 133632K, 100% used [0x00000000ebf00000,0x00000000f4180000,0x00000000f4180000)
  from space 512K, 18% used [0x00000000f5780000,0x00000000f5798000,0x00000000f5800000)
  to   space 7680K, 0% used [0x00000000f4900000,0x00000000f4900000,0x00000000f5080000)
 ParOldGen       total 46080K, used 10864K [0x00000000c3e00000, 0x00000000c6b00000, 0x00000000ebf00000)
  object space 46080K, 23% used [0x00000000c3e00000,0x00000000c489c250,0x00000000c6b00000)
 PSPermGen       total 28160K, used 14795K [0x00000000b9800000, 0x00000000bb380000, 0x00000000c3e00000)
  object space 28160K, 52% used [0x00000000b9800000,0x00000000ba672ed0,0x00000000bb380000)
Event: 52,080 GC heap after
Heap after GC invocations=22 (full 1):
 PSYoungGen      total 135680K, used 160K [0x00000000ebf00000, 0x00000000f5800000, 0x0000000100000000)
  eden space 128000K, 0% used [0x00000000ebf00000,0x00000000ebf00000,0x00000000f3c00000)
  from space 7680K, 2% used [0x00000000f4900000,0x00000000f4928000,0x00000000f5080000)
  to   space 7680K, 0% used [0x00000000f5080000,0x00000000f5080000,0x00000000f5800000)
 ParOldGen       total 46080K, used 10872K [0x00000000c3e00000, 0x00000000c6b00000, 0x00000000ebf00000)
  object space 46080K, 23% used [0x00000000c3e00000,0x00000000c489e250,0x00000000c6b00000)
 PSPermGen       total 28160K, used 14795K [0x00000000b9800000, 0x00000000bb380000, 0x00000000c3e00000)
  object space 28160K, 52% used [0x00000000b9800000,0x00000000ba672ed0,0x00000000bb380000)
}

