# JRE version: OpenJDK Runtime Environment (7.0_55-b14) (build 1.7.0_55-b14)
# Java VM: OpenJDK 64-Bit Server VM (24.51-b03 mixed mode linux-amd64 compressed oops)
Heap
 PSYoungGen      total 31744K, used 4754K [0x00000000ebf00000, 0x00000000f3880000, 0x0000000100000000)
  eden space 31232K, 14% used [0x00000000ebf00000,0x00000000ec37ca68,0x00000000edd80000)
  from space 512K, 31% used [0x00000000f3800000,0x00000000f3828000,0x00000000f3880000)
  to   space 512K, 0% used [0x00000000f3780000,0x00000000f3780000,0x00000000f3800000)
 ParOldGen       total 47104K, used 14141K [0x00000000c3e00000, 0x00000000c6c00000, 0x00000000ebf00000)
  object space 47104K, 30% used [0x00000000c3e00000,0x00000000c4bcf458,0x00000000c6c00000)
 PSPermGen       total 28160K, used 14851K [0x00000000b9800000, 0x00000000bb380000, 0x00000000c3e00000)
  object space 28160K, 52% used [0x00000000b9800000,0x00000000ba680f08,0x00000000bb380000)
GC Heap History (10 events):
Event: 137,229 GC heap before
{Heap before GC invocations=135 (full 1):
 PSYoungGen      total 35328K, used 34880K [0x00000000ebf00000, 0x00000000f3880000, 0x0000000100000000)
  eden space 34816K, 100% used [0x00000000ebf00000,0x00000000ee100000,0x00000000ee100000)
  from space 512K, 12% used [0x00000000f3780000,0x00000000f3790000,0x00000000f3800000)
  to   space 512K, 0% used [0x00000000f3800000,0x00000000f3800000,0x00000000f3880000)
 ParOldGen       total 47104K, used 14117K [0x00000000c3e00000, 0x00000000c6c00000, 0x00000000ebf00000)
  object space 47104K, 29% used [0x00000000c3e00000,0x00000000c4bc9458,0x00000000c6c00000)
 PSPermGen       total 28160K, used 14828K [0x00000000b9800000, 0x00000000bb380000, 0x00000000c3e00000)
  object space 28160K, 52% used [0x00000000b9800000,0x00000000ba67b048,0x00000000bb380000)
Event: 137,230 GC heap after
Heap after GC invocations=135 (full 1):
 PSYoungGen      total 34304K, used 96K [0x00000000ebf00000, 0x00000000f3880000, 0x0000000100000000)
  eden space 33792K, 0% used [0x00000000ebf00000,0x00000000ebf00000,0x00000000ee000000)
  from space 512K, 18% used [0x00000000f3800000,0x00000000f3818000,0x00000000f3880000)
  to   space 512K, 0% used [0x00000000f3780000,0x00000000f3780000,0x00000000f3800000)
 ParOldGen       total 47104K, used 14141K [0x00000000c3e00000, 0x00000000c6c00000, 0x00000000ebf00000)
  object space 47104K, 30% used [0x00000000c3e00000,0x00000000c4bcf458,0x00000000c6c00000)
 PSPermGen       total 28160K, used 14828K [0x00000000b9800000, 0x00000000bb380000, 0x00000000c3e00000)
  object space 28160K, 52% used [0x00000000b9800000,0x00000000ba67b048,0x00000000bb380000)
}
Event: 137,859 GC heap before
{Heap before GC invocations=136 (full 1):
 PSYoungGen      total 34304K, used 33888K [0x00000000ebf00000, 0x00000000f3880000, 0x0000000100000000)
  eden space 33792K, 100% used [0x00000000ebf00000,0x00000000ee000000,0x00000000ee000000)
  from space 512K, 18% used [0x00000000f3800000,0x00000000f3818000,0x00000000f3880000)
  to   space 512K, 0% used [0x00000000f3780000,0x00000000f3780000,0x00000000f3800000)
 ParOldGen       total 47104K, used 14141K [0x00000000c3e00000, 0x00000000c6c00000, 0x00000000ebf00000)
  object space 47104K, 30% used [0x00000000c3e00000,0x00000000c4bcf458,0x00000000c6c00000)
 PSPermGen       total 28160K, used 14828K [0x00000000b9800000, 0x00000000bb380000, 0x00000000c3e00000)
  object space 28160K, 52% used [0x00000000b9800000,0x00000000ba67b048,0x00000000bb380000)
Event: 137,862 GC heap after
Heap after GC invocations=136 (full 1):
 PSYoungGen      total 33280K, used 32K [0x00000000ebf00000, 0x00000000f3880000, 0x0000000100000000)
  eden space 32768K, 0% used [0x00000000ebf00000,0x00000000ebf00000,0x00000000edf00000)
  from space 512K, 6% used [0x00000000f3780000,0x00000000f3788000,0x00000000f3800000)
  to   space 512K, 0% used [0x00000000f3800000,0x00000000f3800000,0x00000000f3880000)
 ParOldGen       total 47104K, used 14141K [0x00000000c3e00000, 0x00000000c6c00000, 0x00000000ebf00000)
  object space 47104K, 30% used [0x00000000c3e00000,0x00000000c4bcf458,0x00000000c6c00000)
 PSPermGen       total 28160K, used 14828K [0x00000000b9800000, 0x00000000bb380000, 0x00000000c3e00000)
  object space 28160K, 52% used [0x00000000b9800000,0x00000000ba67b048,0x00000000bb380000)
}
Event: 138,471 GC heap before
{Heap before GC invocations=137 (full 1):
 PSYoungGen      total 33280K, used 32800K [0x00000000ebf00000, 0x00000000f3880000, 0x0000000100000000)
  eden space 32768K, 100% used [0x00000000ebf00000,0x00000000edf00000,0x00000000edf00000)
  from space 512K, 6% used [0x00000000f3780000,0x00000000f3788000,0x00000000f3800000)
  to   space 512K, 0% used [0x00000000f3800000,0x00000000f3800000,0x00000000f3880000)
 ParOldGen       total 47104K, used 14141K [0x00000000c3e00000, 0x00000000c6c00000, 0x00000000ebf00000)
  object space 47104K, 30% used [0x00000000c3e00000,0x00000000c4bcf458,0x00000000c6c00000)
 PSPermGen       total 28160K, used 14828K [0x00000000b9800000, 0x00000000bb380000, 0x00000000c3e00000)
  object space 28160K, 52% used [0x00000000b9800000,0x00000000ba67b048,0x00000000bb380000)
Event: 138,473 GC heap after
Heap after GC invocations=137 (full 1):
 PSYoungGen      total 32768K, used 128K [0x00000000ebf00000, 0x00000000f3880000, 0x0000000100000000)
  eden space 32256K, 0% used [0x00000000ebf00000,0x00000000ebf00000,0x00000000ede80000)
  from space 512K, 25% used [0x00000000f3800000,0x00000000f3820000,0x00000000f3880000)
  to   space 512K, 0% used [0x00000000f3780000,0x00000000f3780000,0x00000000f3800000)
 ParOldGen       total 47104K, used 14141K [0x00000000c3e00000, 0x00000000c6c00000, 0x00000000ebf00000)
  object space 47104K, 30% used [0x00000000c3e00000,0x00000000c4bcf458,0x00000000c6c00000)
 PSPermGen       total 28160K, used 14828K [0x00000000b9800000, 0x00000000bb380000, 0x00000000c3e00000)
  object space 28160K, 52% used [0x00000000b9800000,0x00000000ba67b048,0x00000000bb380000)
}
Event: 139,077 GC heap before
{Heap before GC invocations=138 (full 1):
 PSYoungGen      total 32768K, used 32384K [0x00000000ebf00000, 0x00000000f3880000, 0x0000000100000000)
  eden space 32256K, 100% used [0x00000000ebf00000,0x00000000ede80000,0x00000000ede80000)
  from space 512K, 25% used [0x00000000f3800000,0x00000000f3820000,0x00000000f3880000)
  to   space 512K, 0% used [0x00000000f3780000,0x00000000f3780000,0x00000000f3800000)
 ParOldGen       total 47104K, used 14141K [0x00000000c3e00000, 0x00000000c6c00000, 0x00000000ebf00000)
  object space 47104K, 30% used [0x00000000c3e00000,0x00000000c4bcf458,0x00000000c6c00000)
 PSPermGen       total 28160K, used 14828K [0x00000000b9800000, 0x00000000bb380000, 0x00000000c3e00000)
  object space 28160K, 52% used [0x00000000b9800000,0x00000000ba67b048,0x00000000bb380000)
Event: 139,079 GC heap after
Heap after GC invocations=138 (full 1):
 PSYoungGen      total 32256K, used 96K [0x00000000ebf00000, 0x00000000f3880000, 0x0000000100000000)
  eden space 31744K, 0% used [0x00000000ebf00000,0x00000000ebf00000,0x00000000ede00000)
  from space 512K, 18% used [0x00000000f3780000,0x00000000f3798000,0x00000000f3800000)
  to   space 512K, 0% used [0x00000000f3800000,0x00000000f3800000,0x00000000f3880000)
 ParOldGen       total 47104K, used 14141K [0x00000000c3e00000, 0x00000000c6c00000, 0x00000000ebf00000)
  object space 47104K, 30% used [0x00000000c3e00000,0x00000000c4bcf458,0x00000000c6c00000)
 PSPermGen       total 28160K, used 14828K [0x00000000b9800000, 0x00000000bb380000, 0x00000000c3e00000)
  object space 28160K, 52% used [0x00000000b9800000,0x00000000ba67b048,0x00000000bb380000)
}
Event: 139,764 GC heap before
{Heap before GC invocations=139 (full 1):
 PSYoungGen      total 32256K, used 31840K [0x00000000ebf00000, 0x00000000f3880000, 0x0000000100000000)
  eden space 31744K, 100% used [0x00000000ebf00000,0x00000000ede00000,0x00000000ede00000)
  from space 512K, 18% used [0x00000000f3780000,0x00000000f3798000,0x00000000f3800000)
  to   space 512K, 0% used [0x00000000f3800000,0x00000000f3800000,0x00000000f3880000)
 ParOldGen       total 47104K, used 14141K [0x00000000c3e00000, 0x00000000c6c00000, 0x00000000ebf00000)
  object space 47104K, 30% used [0x00000000c3e00000,0x00000000c4bcf458,0x00000000c6c00000)
 PSPermGen       total 28160K, used 14834K [0x00000000b9800000, 0x00000000bb380000, 0x00000000c3e00000)
  object space 28160K, 52% used [0x00000000b9800000,0x00000000ba67cbc8,0x00000000bb380000)
Event: 139,767 GC heap after
Heap after GC invocations=139 (full 1):
 PSYoungGen      total 31744K, used 160K [0x00000000ebf00000, 0x00000000f3880000, 0x0000000100000000)
  eden space 31232K, 0% used [0x00000000ebf00000,0x00000000ebf00000,0x00000000edd80000)
  from space 512K, 31% used [0x00000000f3800000,0x00000000f3828000,0x00000000f3880000)
  to   space 512K, 0% used [0x00000000f3780000,0x00000000f3780000,0x00000000f3800000)
 ParOldGen       total 47104K, used 14141K [0x00000000c3e00000, 0x00000000c6c00000, 0x00000000ebf00000)
  object space 47104K, 30% used [0x00000000c3e00000,0x00000000c4bcf458,0x00000000c6c00000)
 PSPermGen       total 28160K, used 14834K [0x00000000b9800000, 0x00000000bb380000, 0x00000000c3e00000)
  object space 28160K, 52% used [0x00000000b9800000,0x00000000ba67cbc8,0x00000000bb380000)
}

