# JRE version: OpenJDK Runtime Environment (7.0_55-b14) (build 1.7.0_55-b14)
# Java VM: OpenJDK 64-Bit Server VM (24.51-b03 mixed mode linux-amd64 compressed oops)
Heap
 PSYoungGen      total 20992K, used 10166K [0x00000000ebf00000, 0x00000000feb80000, 0x0000000100000000)
  eden space 20480K, 49% used [0x00000000ebf00000,0x00000000ec8cd920,0x00000000ed300000)
  from space 512K, 25% used [0x00000000feb00000,0x00000000feb20000,0x00000000feb80000)
  to   space 512K, 0% used [0x00000000fea80000,0x00000000fea80000,0x00000000feb00000)
 ParOldGen       total 50176K, used 13909K [0x00000000c3e00000, 0x00000000c6f00000, 0x00000000ebf00000)
  object space 50176K, 27% used [0x00000000c3e00000,0x00000000c4b95418,0x00000000c6f00000)
 PSPermGen       total 28160K, used 14929K [0x00000000b9800000, 0x00000000bb380000, 0x00000000c3e00000)
  object space 28160K, 53% used [0x00000000b9800000,0x00000000ba694448,0x00000000bb380000)
GC Heap History (10 events):
Event: 877,179 GC heap before
{Heap before GC invocations=1359 (full 1):
 PSYoungGen      total 20992K, used 20576K [0x00000000ebf00000, 0x00000000feb80000, 0x0000000100000000)
  eden space 20480K, 100% used [0x00000000ebf00000,0x00000000ed300000,0x00000000ed300000)
  from space 512K, 18% used [0x00000000fea80000,0x00000000fea98000,0x00000000feb00000)
  to   space 512K, 0% used [0x00000000feb00000,0x00000000feb00000,0x00000000feb80000)
 ParOldGen       total 50176K, used 13909K [0x00000000c3e00000, 0x00000000c6f00000, 0x00000000ebf00000)
  object space 50176K, 27% used [0x00000000c3e00000,0x00000000c4b95418,0x00000000c6f00000)
 PSPermGen       total 28160K, used 14905K [0x00000000b9800000, 0x00000000bb380000, 0x00000000c3e00000)
  object space 28160K, 52% used [0x00000000b9800000,0x00000000ba68e588,0x00000000bb380000)
Event: 877,180 GC heap after
Heap after GC invocations=1359 (full 1):
 PSYoungGen      total 20992K, used 128K [0x00000000ebf00000, 0x00000000feb80000, 0x0000000100000000)
  eden space 20480K, 0% used [0x00000000ebf00000,0x00000000ebf00000,0x00000000ed300000)
  from space 512K, 25% used [0x00000000feb00000,0x00000000feb20000,0x00000000feb80000)
  to   space 512K, 0% used [0x00000000fea80000,0x00000000fea80000,0x00000000feb00000)
 ParOldGen       total 50176K, used 13909K [0x00000000c3e00000, 0x00000000c6f00000, 0x00000000ebf00000)
  object space 50176K, 27% used [0x00000000c3e00000,0x00000000c4b95418,0x00000000c6f00000)
 PSPermGen       total 28160K, used 14905K [0x00000000b9800000, 0x00000000bb380000, 0x00000000c3e00000)
  object space 28160K, 52% used [0x00000000b9800000,0x00000000ba68e588,0x00000000bb380000)
}
Event: 877,613 GC heap before
{Heap before GC invocations=1360 (full 1):
 PSYoungGen      total 20992K, used 20608K [0x00000000ebf00000, 0x00000000feb80000, 0x0000000100000000)
  eden space 20480K, 100% used [0x00000000ebf00000,0x00000000ed300000,0x00000000ed300000)
  from space 512K, 25% used [0x00000000feb00000,0x00000000feb20000,0x00000000feb80000)
  to   space 512K, 0% used [0x00000000fea80000,0x00000000fea80000,0x00000000feb00000)
 ParOldGen       total 50176K, used 13909K [0x00000000c3e00000, 0x00000000c6f00000, 0x00000000ebf00000)
  object space 50176K, 27% used [0x00000000c3e00000,0x00000000c4b95418,0x00000000c6f00000)
 PSPermGen       total 28160K, used 14905K [0x00000000b9800000, 0x00000000bb380000, 0x00000000c3e00000)
  object space 28160K, 52% used [0x00000000b9800000,0x00000000ba68e588,0x00000000bb380000)
Event: 877,615 GC heap after
Heap after GC invocations=1360 (full 1):
 PSYoungGen      total 20992K, used 64K [0x00000000ebf00000, 0x00000000feb80000, 0x0000000100000000)
  eden space 20480K, 0% used [0x00000000ebf00000,0x00000000ebf00000,0x00000000ed300000)
  from space 512K, 12% used [0x00000000fea80000,0x00000000fea90000,0x00000000feb00000)
  to   space 512K, 0% used [0x00000000feb00000,0x00000000feb00000,0x00000000feb80000)
 ParOldGen       total 50176K, used 13909K [0x00000000c3e00000, 0x00000000c6f00000, 0x00000000ebf00000)
  object space 50176K, 27% used [0x00000000c3e00000,0x00000000c4b95418,0x00000000c6f00000)
 PSPermGen       total 28160K, used 14905K [0x00000000b9800000, 0x00000000bb380000, 0x00000000c3e00000)
  object space 28160K, 52% used [0x00000000b9800000,0x00000000ba68e588,0x00000000bb380000)
}
Event: 878,068 GC heap before
{Heap before GC invocations=1361 (full 1):
 PSYoungGen      total 20992K, used 20544K [0x00000000ebf00000, 0x00000000feb80000, 0x0000000100000000)
  eden space 20480K, 100% used [0x00000000ebf00000,0x00000000ed300000,0x00000000ed300000)
  from space 512K, 12% used [0x00000000fea80000,0x00000000fea90000,0x00000000feb00000)
  to   space 512K, 0% used [0x00000000feb00000,0x00000000feb00000,0x00000000feb80000)
 ParOldGen       total 50176K, used 13909K [0x00000000c3e00000, 0x00000000c6f00000, 0x00000000ebf00000)
  object space 50176K, 27% used [0x00000000c3e00000,0x00000000c4b95418,0x00000000c6f00000)
 PSPermGen       total 28160K, used 14905K [0x00000000b9800000, 0x00000000bb380000, 0x00000000c3e00000)
  object space 28160K, 52% used [0x00000000b9800000,0x00000000ba68e588,0x00000000bb380000)
Event: 878,071 GC heap after
Heap after GC invocations=1361 (full 1):
 PSYoungGen      total 20992K, used 32K [0x00000000ebf00000, 0x00000000feb80000, 0x0000000100000000)
  eden space 20480K, 0% used [0x00000000ebf00000,0x00000000ebf00000,0x00000000ed300000)
  from space 512K, 6% used [0x00000000feb00000,0x00000000feb08000,0x00000000feb80000)
  to   space 512K, 0% used [0x00000000fea80000,0x00000000fea80000,0x00000000feb00000)
 ParOldGen       total 50176K, used 13909K [0x00000000c3e00000, 0x00000000c6f00000, 0x00000000ebf00000)
  object space 50176K, 27% used [0x00000000c3e00000,0x00000000c4b95418,0x00000000c6f00000)
 PSPermGen       total 28160K, used 14905K [0x00000000b9800000, 0x00000000bb380000, 0x00000000c3e00000)
  object space 28160K, 52% used [0x00000000b9800000,0x00000000ba68e588,0x00000000bb380000)
}
Event: 878,498 GC heap before
{Heap before GC invocations=1362 (full 1):
 PSYoungGen      total 20992K, used 20512K [0x00000000ebf00000, 0x00000000feb80000, 0x0000000100000000)
  eden space 20480K, 100% used [0x00000000ebf00000,0x00000000ed300000,0x00000000ed300000)
  from space 512K, 6% used [0x00000000feb00000,0x00000000feb08000,0x00000000feb80000)
  to   space 512K, 0% used [0x00000000fea80000,0x00000000fea80000,0x00000000feb00000)
 ParOldGen       total 50176K, used 13909K [0x00000000c3e00000, 0x00000000c6f00000, 0x00000000ebf00000)
  object space 50176K, 27% used [0x00000000c3e00000,0x00000000c4b95418,0x00000000c6f00000)
 PSPermGen       total 28160K, used 14905K [0x00000000b9800000, 0x00000000bb380000, 0x00000000c3e00000)
  object space 28160K, 52% used [0x00000000b9800000,0x00000000ba68e588,0x00000000bb380000)
Event: 878,500 GC heap after
Heap after GC invocations=1362 (full 1):
 PSYoungGen      total 20992K, used 128K [0x00000000ebf00000, 0x00000000feb80000, 0x0000000100000000)
  eden space 20480K, 0% used [0x00000000ebf00000,0x00000000ebf00000,0x00000000ed300000)
  from space 512K, 25% used [0x00000000fea80000,0x00000000feaa0000,0x00000000feb00000)
  to   space 512K, 0% used [0x00000000feb00000,0x00000000feb00000,0x00000000feb80000)
 ParOldGen       total 50176K, used 13909K [0x00000000c3e00000, 0x00000000c6f00000, 0x00000000ebf00000)
  object space 50176K, 27% used [0x00000000c3e00000,0x00000000c4b95418,0x00000000c6f00000)
 PSPermGen       total 28160K, used 14905K [0x00000000b9800000, 0x00000000bb380000, 0x00000000c3e00000)
  object space 28160K, 52% used [0x00000000b9800000,0x00000000ba68e588,0x00000000bb380000)
}
Event: 878,956 GC heap before
{Heap before GC invocations=1363 (full 1):
 PSYoungGen      total 20992K, used 20608K [0x00000000ebf00000, 0x00000000feb80000, 0x0000000100000000)
  eden space 20480K, 100% used [0x00000000ebf00000,0x00000000ed300000,0x00000000ed300000)
  from space 512K, 25% used [0x00000000fea80000,0x00000000feaa0000,0x00000000feb00000)
  to   space 512K, 0% used [0x00000000feb00000,0x00000000feb00000,0x00000000feb80000)
 ParOldGen       total 50176K, used 13909K [0x00000000c3e00000, 0x00000000c6f00000, 0x00000000ebf00000)
  object space 50176K, 27% used [0x00000000c3e00000,0x00000000c4b95418,0x00000000c6f00000)
 PSPermGen       total 28160K, used 14905K [0x00000000b9800000, 0x00000000bb380000, 0x00000000c3e00000)
  object space 28160K, 52% used [0x00000000b9800000,0x00000000ba68e588,0x00000000bb380000)
Event: 878,958 GC heap after
Heap after GC invocations=1363 (full 1):
 PSYoungGen      total 20992K, used 128K [0x00000000ebf00000, 0x00000000feb80000, 0x0000000100000000)
  eden space 20480K, 0% used [0x00000000ebf00000,0x00000000ebf00000,0x00000000ed300000)
  from space 512K, 25% used [0x00000000feb00000,0x00000000feb20000,0x00000000feb80000)
  to   space 512K, 0% used [0x00000000fea80000,0x00000000fea80000,0x00000000feb00000)
 ParOldGen       total 50176K, used 13909K [0x00000000c3e00000, 0x00000000c6f00000, 0x00000000ebf00000)
  object space 50176K, 27% used [0x00000000c3e00000,0x00000000c4b95418,0x00000000c6f00000)
 PSPermGen       total 28160K, used 14905K [0x00000000b9800000, 0x00000000bb380000, 0x00000000c3e00000)
  object space 28160K, 52% used [0x00000000b9800000,0x00000000ba68e588,0x00000000bb380000)
}

