# JRE version: OpenJDK Runtime Environment (7.0_55-b14) (build 1.7.0_55-b14)
# Java VM: OpenJDK 64-Bit Server VM (24.51-b03 mixed mode linux-amd64 compressed oops)
Heap
 PSYoungGen      total 152064K, used 48742K [0x00000000ebf00000, 0x00000000f5b00000, 0x0000000100000000)
  eden space 147968K, 32% used [0x00000000ebf00000,0x00000000eee819e8,0x00000000f4f80000)
  from space 4096K, 2% used [0x00000000f4f80000,0x00000000f4f98000,0x00000000f5380000)
  to   space 4096K, 0% used [0x00000000f5700000,0x00000000f5700000,0x00000000f5b00000)
 ParOldGen       total 52224K, used 12307K [0x00000000c3e00000, 0x00000000c7100000, 0x00000000ebf00000)
  object space 52224K, 23% used [0x00000000c3e00000,0x00000000c4a04c38,0x00000000c7100000)
 PSPermGen       total 28160K, used 14809K [0x00000000b9800000, 0x00000000bb380000, 0x00000000c3e00000)
  object space 28160K, 52% used [0x00000000b9800000,0x00000000ba6765a8,0x00000000bb380000)
GC Heap History (10 events):
Event: 45,014 GC heap before
{Heap before GC invocations=30 (full 1):
 PSYoungGen      total 143360K, used 138944K [0x00000000ebf00000, 0x00000000f5080000, 0x0000000100000000)
  eden space 138752K, 100% used [0x00000000ebf00000,0x00000000f4680000,0x00000000f4680000)
  from space 4608K, 4% used [0x00000000f4c00000,0x00000000f4c30000,0x00000000f5080000)
  to   space 5120K, 0% used [0x00000000f4680000,0x00000000f4680000,0x00000000f4b80000)
 ParOldGen       total 52224K, used 12187K [0x00000000c3e00000, 0x00000000c7100000, 0x00000000ebf00000)
  object space 52224K, 23% used [0x00000000c3e00000,0x00000000c49e6c38,0x00000000c7100000)
 PSPermGen       total 28160K, used 14778K [0x00000000b9800000, 0x00000000bb380000, 0x00000000c3e00000)
  object space 28160K, 52% used [0x00000000b9800000,0x00000000ba66eb08,0x00000000bb380000)
Event: 45,018 GC heap after
Heap after GC invocations=30 (full 1):
 PSYoungGen      total 143872K, used 128K [0x00000000ebf00000, 0x00000000f5500000, 0x0000000100000000)
  eden space 138752K, 0% used [0x00000000ebf00000,0x00000000ebf00000,0x00000000f4680000)
  from space 5120K, 2% used [0x00000000f4680000,0x00000000f46a0000,0x00000000f4b80000)
  to   space 4608K, 0% used [0x00000000f5080000,0x00000000f5080000,0x00000000f5500000)
 ParOldGen       total 52224K, used 12203K [0x00000000c3e00000, 0x00000000c7100000, 0x00000000ebf00000)
  object space 52224K, 23% used [0x00000000c3e00000,0x00000000c49eac38,0x00000000c7100000)
 PSPermGen       total 28160K, used 14778K [0x00000000b9800000, 0x00000000bb380000, 0x00000000c3e00000)
  object space 28160K, 52% used [0x00000000b9800000,0x00000000ba66eb08,0x00000000bb380000)
}
Event: 47,919 GC heap before
{Heap before GC invocations=31 (full 1):
 PSYoungGen      total 143872K, used 138880K [0x00000000ebf00000, 0x00000000f5500000, 0x0000000100000000)
  eden space 138752K, 100% used [0x00000000ebf00000,0x00000000f4680000,0x00000000f4680000)
  from space 5120K, 2% used [0x00000000f4680000,0x00000000f46a0000,0x00000000f4b80000)
  to   space 4608K, 0% used [0x00000000f5080000,0x00000000f5080000,0x00000000f5500000)
 ParOldGen       total 52224K, used 12203K [0x00000000c3e00000, 0x00000000c7100000, 0x00000000ebf00000)
  object space 52224K, 23% used [0x00000000c3e00000,0x00000000c49eac38,0x00000000c7100000)
 PSPermGen       total 28160K, used 14779K [0x00000000b9800000, 0x00000000bb380000, 0x00000000c3e00000)
  object space 28160K, 52% used [0x00000000b9800000,0x00000000ba66ec98,0x00000000bb380000)
Event: 47,921 GC heap after
Heap after GC invocations=31 (full 1):
 PSYoungGen      total 147968K, used 192K [0x00000000ebf00000, 0x00000000f5480000, 0x0000000100000000)
  eden space 143872K, 0% used [0x00000000ebf00000,0x00000000ebf00000,0x00000000f4b80000)
  from space 4096K, 4% used [0x00000000f5080000,0x00000000f50b0000,0x00000000f5480000)
  to   space 4608K, 0% used [0x00000000f4b80000,0x00000000f4b80000,0x00000000f5000000)
 ParOldGen       total 52224K, used 12235K [0x00000000c3e00000, 0x00000000c7100000, 0x00000000ebf00000)
  object space 52224K, 23% used [0x00000000c3e00000,0x00000000c49f2c38,0x00000000c7100000)
 PSPermGen       total 28160K, used 14779K [0x00000000b9800000, 0x00000000bb380000, 0x00000000c3e00000)
  object space 28160K, 52% used [0x00000000b9800000,0x00000000ba66ec98,0x00000000bb380000)
}
Event: 50,978 GC heap before
{Heap before GC invocations=32 (full 1):
 PSYoungGen      total 147968K, used 144064K [0x00000000ebf00000, 0x00000000f5480000, 0x0000000100000000)
  eden space 143872K, 100% used [0x00000000ebf00000,0x00000000f4b80000,0x00000000f4b80000)
  from space 4096K, 4% used [0x00000000f5080000,0x00000000f50b0000,0x00000000f5480000)
  to   space 4608K, 0% used [0x00000000f4b80000,0x00000000f4b80000,0x00000000f5000000)
 ParOldGen       total 52224K, used 12235K [0x00000000c3e00000, 0x00000000c7100000, 0x00000000ebf00000)
  object space 52224K, 23% used [0x00000000c3e00000,0x00000000c49f2c38,0x00000000c7100000)
 PSPermGen       total 28160K, used 14779K [0x00000000b9800000, 0x00000000bb380000, 0x00000000c3e00000)
  object space 28160K, 52% used [0x00000000b9800000,0x00000000ba66eda8,0x00000000bb380000)
Event: 50,980 GC heap after
Heap after GC invocations=32 (full 1):
 PSYoungGen      total 148480K, used 160K [0x00000000ebf00000, 0x00000000f5900000, 0x0000000100000000)
  eden space 143872K, 0% used [0x00000000ebf00000,0x00000000ebf00000,0x00000000f4b80000)
  from space 4608K, 3% used [0x00000000f4b80000,0x00000000f4ba8000,0x00000000f5000000)
  to   space 4608K, 0% used [0x00000000f5480000,0x00000000f5480000,0x00000000f5900000)
 ParOldGen       total 52224K, used 12259K [0x00000000c3e00000, 0x00000000c7100000, 0x00000000ebf00000)
  object space 52224K, 23% used [0x00000000c3e00000,0x00000000c49f8c38,0x00000000c7100000)
 PSPermGen       total 28160K, used 14779K [0x00000000b9800000, 0x00000000bb380000, 0x00000000c3e00000)
  object space 28160K, 52% used [0x00000000b9800000,0x00000000ba66eda8,0x00000000bb380000)
}
Event: 53,991 GC heap before
{Heap before GC invocations=33 (full 1):
 PSYoungGen      total 148480K, used 144032K [0x00000000ebf00000, 0x00000000f5900000, 0x0000000100000000)
  eden space 143872K, 100% used [0x00000000ebf00000,0x00000000f4b80000,0x00000000f4b80000)
  from space 4608K, 3% used [0x00000000f4b80000,0x00000000f4ba8000,0x00000000f5000000)
  to   space 4608K, 0% used [0x00000000f5480000,0x00000000f5480000,0x00000000f5900000)
 ParOldGen       total 52224K, used 12259K [0x00000000c3e00000, 0x00000000c7100000, 0x00000000ebf00000)
  object space 52224K, 23% used [0x00000000c3e00000,0x00000000c49f8c38,0x00000000c7100000)
 PSPermGen       total 28160K, used 14779K [0x00000000b9800000, 0x00000000bb380000, 0x00000000c3e00000)
  object space 28160K, 52% used [0x00000000b9800000,0x00000000ba66efd8,0x00000000bb380000)
Event: 53,994 GC heap after
Heap after GC invocations=33 (full 1):
 PSYoungGen      total 151040K, used 192K [0x00000000ebf00000, 0x00000000f5780000, 0x0000000100000000)
  eden space 147968K, 0% used [0x00000000ebf00000,0x00000000ebf00000,0x00000000f4f80000)
  from space 3072K, 6% used [0x00000000f5480000,0x00000000f54b0000,0x00000000f5780000)
  to   space 4096K, 0% used [0x00000000f4f80000,0x00000000f4f80000,0x00000000f5380000)
 ParOldGen       total 52224K, used 12291K [0x00000000c3e00000, 0x00000000c7100000, 0x00000000ebf00000)
  object space 52224K, 23% used [0x00000000c3e00000,0x00000000c4a00c38,0x00000000c7100000)
 PSPermGen       total 28160K, used 14779K [0x00000000b9800000, 0x00000000bb380000, 0x00000000c3e00000)
  object space 28160K, 52% used [0x00000000b9800000,0x00000000ba66efd8,0x00000000bb380000)
}
Event: 57,147 GC heap before
{Heap before GC invocations=34 (full 1):
 PSYoungGen      total 151040K, used 148160K [0x00000000ebf00000, 0x00000000f5780000, 0x0000000100000000)
  eden space 147968K, 100% used [0x00000000ebf00000,0x00000000f4f80000,0x00000000f4f80000)
  from space 3072K, 6% used [0x00000000f5480000,0x00000000f54b0000,0x00000000f5780000)
  to   space 4096K, 0% used [0x00000000f4f80000,0x00000000f4f80000,0x00000000f5380000)
 ParOldGen       total 52224K, used 12291K [0x00000000c3e00000, 0x00000000c7100000, 0x00000000ebf00000)
  object space 52224K, 23% used [0x00000000c3e00000,0x00000000c4a00c38,0x00000000c7100000)
 PSPermGen       total 28160K, used 14785K [0x00000000b9800000, 0x00000000bb380000, 0x00000000c3e00000)
  object space 28160K, 52% used [0x00000000b9800000,0x00000000ba670638,0x00000000bb380000)
Event: 57,151 GC heap after
Heap after GC invocations=34 (full 1):
 PSYoungGen      total 152064K, used 96K [0x00000000ebf00000, 0x00000000f5b00000, 0x0000000100000000)
  eden space 147968K, 0% used [0x00000000ebf00000,0x00000000ebf00000,0x00000000f4f80000)
  from space 4096K, 2% used [0x00000000f4f80000,0x00000000f4f98000,0x00000000f5380000)
  to   space 4096K, 0% used [0x00000000f5700000,0x00000000f5700000,0x00000000f5b00000)
 ParOldGen       total 52224K, used 12307K [0x00000000c3e00000, 0x00000000c7100000, 0x00000000ebf00000)
  object space 52224K, 23% used [0x00000000c3e00000,0x00000000c4a04c38,0x00000000c7100000)
 PSPermGen       total 28160K, used 14785K [0x00000000b9800000, 0x00000000bb380000, 0x00000000c3e00000)
  object space 28160K, 52% used [0x00000000b9800000,0x00000000ba670638,0x00000000bb380000)
}

