# JRE version: OpenJDK Runtime Environment (7.0_55-b14) (build 1.7.0_55-b14)
# Java VM: OpenJDK 64-Bit Server VM (24.51-b03 mixed mode linux-amd64 compressed oops)
Heap
 PSYoungGen      total 29184K, used 19470K [0x00000000ebf00000, 0x00000000f6780000, 0x0000000100000000)
  eden space 28672K, 67% used [0x00000000ebf00000,0x00000000ed1ebb30,0x00000000edb00000)
  from space 512K, 18% used [0x00000000f6700000,0x00000000f6718000,0x00000000f6780000)
  to   space 512K, 0% used [0x00000000f6680000,0x00000000f6680000,0x00000000f6700000)
 ParOldGen       total 46592K, used 26220K [0x00000000c3e00000, 0x00000000c6b80000, 0x00000000ebf00000)
  object space 46592K, 56% used [0x00000000c3e00000,0x00000000c579b0b8,0x00000000c6b80000)
 PSPermGen       total 28160K, used 14953K [0x00000000b9800000, 0x00000000bb380000, 0x00000000c3e00000)
  object space 28160K, 53% used [0x00000000b9800000,0x00000000ba69a450,0x00000000bb380000)
GC Heap History (10 events):
Event: 1080,612 GC heap before
{Heap before GC invocations=1631 (full 1):
 PSYoungGen      total 31744K, used 31328K [0x00000000ebf00000, 0x00000000f6780000, 0x0000000100000000)
  eden space 31232K, 100% used [0x00000000ebf00000,0x00000000edd80000,0x00000000edd80000)
  from space 512K, 18% used [0x00000000f6680000,0x00000000f6698000,0x00000000f6700000)
  to   space 512K, 0% used [0x00000000f6700000,0x00000000f6700000,0x00000000f6780000)
 ParOldGen       total 46592K, used 26180K [0x00000000c3e00000, 0x00000000c6b80000, 0x00000000ebf00000)
  object space 46592K, 56% used [0x00000000c3e00000,0x00000000c57910b8,0x00000000c6b80000)
 PSPermGen       total 28160K, used 14929K [0x00000000b9800000, 0x00000000bb380000, 0x00000000c3e00000)
  object space 28160K, 53% used [0x00000000b9800000,0x00000000ba694590,0x00000000bb380000)
Event: 1080,615 GC heap after
Heap after GC invocations=1631 (full 1):
 PSYoungGen      total 31232K, used 96K [0x00000000ebf00000, 0x00000000f6780000, 0x0000000100000000)
  eden space 30720K, 0% used [0x00000000ebf00000,0x00000000ebf00000,0x00000000edd00000)
  from space 512K, 18% used [0x00000000f6700000,0x00000000f6718000,0x00000000f6780000)
  to   space 512K, 0% used [0x00000000f6680000,0x00000000f6680000,0x00000000f6700000)
 ParOldGen       total 46592K, used 26188K [0x00000000c3e00000, 0x00000000c6b80000, 0x00000000ebf00000)
  object space 46592K, 56% used [0x00000000c3e00000,0x00000000c57930b8,0x00000000c6b80000)
 PSPermGen       total 28160K, used 14929K [0x00000000b9800000, 0x00000000bb380000, 0x00000000c3e00000)
  object space 28160K, 53% used [0x00000000b9800000,0x00000000ba694590,0x00000000bb380000)
}
Event: 1081,081 GC heap before
{Heap before GC invocations=1632 (full 1):
 PSYoungGen      total 31232K, used 30816K [0x00000000ebf00000, 0x00000000f6780000, 0x0000000100000000)
  eden space 30720K, 100% used [0x00000000ebf00000,0x00000000edd00000,0x00000000edd00000)
  from space 512K, 18% used [0x00000000f6700000,0x00000000f6718000,0x00000000f6780000)
  to   space 512K, 0% used [0x00000000f6680000,0x00000000f6680000,0x00000000f6700000)
 ParOldGen       total 46592K, used 26188K [0x00000000c3e00000, 0x00000000c6b80000, 0x00000000ebf00000)
  object space 46592K, 56% used [0x00000000c3e00000,0x00000000c57930b8,0x00000000c6b80000)
 PSPermGen       total 28160K, used 14929K [0x00000000b9800000, 0x00000000bb380000, 0x00000000c3e00000)
  object space 28160K, 53% used [0x00000000b9800000,0x00000000ba694590,0x00000000bb380000)
Event: 1081,085 GC heap after
Heap after GC invocations=1632 (full 1):
 PSYoungGen      total 30720K, used 64K [0x00000000ebf00000, 0x00000000f6780000, 0x0000000100000000)
  eden space 30208K, 0% used [0x00000000ebf00000,0x00000000ebf00000,0x00000000edc80000)
  from space 512K, 12% used [0x00000000f6680000,0x00000000f6690000,0x00000000f6700000)
  to   space 512K, 0% used [0x00000000f6700000,0x00000000f6700000,0x00000000f6780000)
 ParOldGen       total 46592K, used 26196K [0x00000000c3e00000, 0x00000000c6b80000, 0x00000000ebf00000)
  object space 46592K, 56% used [0x00000000c3e00000,0x00000000c57950b8,0x00000000c6b80000)
 PSPermGen       total 28160K, used 14929K [0x00000000b9800000, 0x00000000bb380000, 0x00000000c3e00000)
  object space 28160K, 53% used [0x00000000b9800000,0x00000000ba694590,0x00000000bb380000)
}
Event: 1081,541 GC heap before
{Heap before GC invocations=1633 (full 1):
 PSYoungGen      total 30720K, used 30272K [0x00000000ebf00000, 0x00000000f6780000, 0x0000000100000000)
  eden space 30208K, 100% used [0x00000000ebf00000,0x00000000edc80000,0x00000000edc80000)
  from space 512K, 12% used [0x00000000f6680000,0x00000000f6690000,0x00000000f6700000)
  to   space 512K, 0% used [0x00000000f6700000,0x00000000f6700000,0x00000000f6780000)
 ParOldGen       total 46592K, used 26196K [0x00000000c3e00000, 0x00000000c6b80000, 0x00000000ebf00000)
  object space 46592K, 56% used [0x00000000c3e00000,0x00000000c57950b8,0x00000000c6b80000)
 PSPermGen       total 28160K, used 14929K [0x00000000b9800000, 0x00000000bb380000, 0x00000000c3e00000)
  object space 28160K, 53% used [0x00000000b9800000,0x00000000ba694590,0x00000000bb380000)
Event: 1081,545 GC heap after
Heap after GC invocations=1633 (full 1):
 PSYoungGen      total 30208K, used 96K [0x00000000ebf00000, 0x00000000f6780000, 0x0000000100000000)
  eden space 29696K, 0% used [0x00000000ebf00000,0x00000000ebf00000,0x00000000edc00000)
  from space 512K, 18% used [0x00000000f6700000,0x00000000f6718000,0x00000000f6780000)
  to   space 512K, 0% used [0x00000000f6680000,0x00000000f6680000,0x00000000f6700000)
 ParOldGen       total 46592K, used 26204K [0x00000000c3e00000, 0x00000000c6b80000, 0x00000000ebf00000)
  object space 46592K, 56% used [0x00000000c3e00000,0x00000000c57970b8,0x00000000c6b80000)
 PSPermGen       total 28160K, used 14929K [0x00000000b9800000, 0x00000000bb380000, 0x00000000c3e00000)
  object space 28160K, 53% used [0x00000000b9800000,0x00000000ba694590,0x00000000bb380000)
}
Event: 1081,986 GC heap before
{Heap before GC invocations=1634 (full 1):
 PSYoungGen      total 30208K, used 29792K [0x00000000ebf00000, 0x00000000f6780000, 0x0000000100000000)
  eden space 29696K, 100% used [0x00000000ebf00000,0x00000000edc00000,0x00000000edc00000)
  from space 512K, 18% used [0x00000000f6700000,0x00000000f6718000,0x00000000f6780000)
  to   space 512K, 0% used [0x00000000f6680000,0x00000000f6680000,0x00000000f6700000)
 ParOldGen       total 46592K, used 26204K [0x00000000c3e00000, 0x00000000c6b80000, 0x00000000ebf00000)
  object space 46592K, 56% used [0x00000000c3e00000,0x00000000c57970b8,0x00000000c6b80000)
 PSPermGen       total 28160K, used 14929K [0x00000000b9800000, 0x00000000bb380000, 0x00000000c3e00000)
  object space 28160K, 53% used [0x00000000b9800000,0x00000000ba694590,0x00000000bb380000)
Event: 1081,990 GC heap after
Heap after GC invocations=1634 (full 1):
 PSYoungGen      total 29696K, used 96K [0x00000000ebf00000, 0x00000000f6780000, 0x0000000100000000)
  eden space 29184K, 0% used [0x00000000ebf00000,0x00000000ebf00000,0x00000000edb80000)
  from space 512K, 18% used [0x00000000f6680000,0x00000000f6698000,0x00000000f6700000)
  to   space 512K, 0% used [0x00000000f6700000,0x00000000f6700000,0x00000000f6780000)
 ParOldGen       total 46592K, used 26212K [0x00000000c3e00000, 0x00000000c6b80000, 0x00000000ebf00000)
  object space 46592K, 56% used [0x00000000c3e00000,0x00000000c57990b8,0x00000000c6b80000)
 PSPermGen       total 28160K, used 14929K [0x00000000b9800000, 0x00000000bb380000, 0x00000000c3e00000)
  object space 28160K, 53% used [0x00000000b9800000,0x00000000ba694590,0x00000000bb380000)
}
Event: 1082,439 GC heap before
{Heap before GC invocations=1635 (full 1):
 PSYoungGen      total 29696K, used 29280K [0x00000000ebf00000, 0x00000000f6780000, 0x0000000100000000)
  eden space 29184K, 100% used [0x00000000ebf00000,0x00000000edb80000,0x00000000edb80000)
  from space 512K, 18% used [0x00000000f6680000,0x00000000f6698000,0x00000000f6700000)
  to   space 512K, 0% used [0x00000000f6700000,0x00000000f6700000,0x00000000f6780000)
 ParOldGen       total 46592K, used 26212K [0x00000000c3e00000, 0x00000000c6b80000, 0x00000000ebf00000)
  object space 46592K, 56% used [0x00000000c3e00000,0x00000000c57990b8,0x00000000c6b80000)
 PSPermGen       total 28160K, used 14929K [0x00000000b9800000, 0x00000000bb380000, 0x00000000c3e00000)
  object space 28160K, 53% used [0x00000000b9800000,0x00000000ba694590,0x00000000bb380000)
Event: 1082,442 GC heap after
Heap after GC invocations=1635 (full 1):
 PSYoungGen      total 29184K, used 96K [0x00000000ebf00000, 0x00000000f6780000, 0x0000000100000000)
  eden space 28672K, 0% used [0x00000000ebf00000,0x00000000ebf00000,0x00000000edb00000)
  from space 512K, 18% used [0x00000000f6700000,0x00000000f6718000,0x00000000f6780000)
  to   space 512K, 0% used [0x00000000f6680000,0x00000000f6680000,0x00000000f6700000)
 ParOldGen       total 46592K, used 26220K [0x00000000c3e00000, 0x00000000c6b80000, 0x00000000ebf00000)
  object space 46592K, 56% used [0x00000000c3e00000,0x00000000c579b0b8,0x00000000c6b80000)
 PSPermGen       total 28160K, used 14929K [0x00000000b9800000, 0x00000000bb380000, 0x00000000c3e00000)
  object space 28160K, 53% used [0x00000000b9800000,0x00000000ba694590,0x00000000bb380000)
}

